<?xml version='1.0' encoding='UTF-8'?>
<testsuite hostname="GEBHSTC14" name="dataorcode.NatTest" tests="15" errors="0" failures="0" time="0.021">
                     <properties>
[...]
</properties>
                     <testcase classname="dataorcode.NatTest" name="testSuccessorMinusZero" time="0.018">
                                                 
                                               </testcase><testcase classname="dataorcode.NatTest" name="testZeroMinusSuccNessor" time="0.001">
                                                 
                                               </testcase><testcase classname="dataorcode.NatTest" name="testNatToZeroByPredecessor" time="0.0">
                                                 
                                               </testcase><testcase classname="dataorcode.NatTest" name="testSuccessorMinusGreaterSuccessor" time="0.0">
                                                 
                                               </testcase><testcase classname="dataorcode.NatTest" name="testZeroNat" time="0.0">
                                                 
                                               </testcase><testcase classname="dataorcode.NatTest" name="testSuccessorPlusZero" time="0.0">
                                                 
                                               </testcase><testcase classname="dataorcode.NatTest" name="testZeroToSuccessor" time="0.0">
                                                 
                                               </testcase><testcase classname="dataorcode.NatTest" name="testSuccessorToSuccessor" time="0.0">
                                                 
                                               </testcase><testcase classname="dataorcode.NatTest" name="testZeroMinusZero" time="0.0">
                                                 
                                               </testcase><testcase classname="dataorcode.NatTest" name="testZeroPlusSucceesor" time="0.0">
                                                 
                                               </testcase><testcase classname="dataorcode.NatTest" name="testSuccessorPlusSuccessor" time="0.001">
                                                 
                                               </testcase><testcase classname="dataorcode.NatTest" name="testSuccessorMinusSuccessor" time="0.0">
                                                 
                                               </testcase><testcase classname="dataorcode.NatTest" name="testZeroPlusZeor" time="0.0">
                                                 
                                               </testcase><testcase classname="dataorcode.NatTest" name="testSuccessor" time="0.0">
                                                 
                                               </testcase><testcase classname="dataorcode.NatTest" name="testZeroToPredecessor" time="0.001">
                                                 
                                               </testcase>
                     <system-out></system-out>
                     <system-err></system-err>
                   </testsuite>